<?xml version="1.0" encoding="UTF-8"?>
<!-- Generated by org.testng.reporters.JUnitXMLReporter -->
<testsuite ignored="0" hostname="PRANAV" failures="0" tests="23" name="Default test" time="5.996" errors="0" timestamp="26 Oct 2020 00:23:35 GMT">
  <testcase classname="com.Elsevier.Test.TestClass" name="Test_001_toVerifyHomePageTitleisDisplayed" time="0.014"/>
  <testcase classname="com.Elsevier.Test.TestClass" name="Test_002_toVerifySearchSummerItemisDisplayedandItemisSelected" time="2.493"/>
  <testcase classname="com.Elsevier.Test.TestClass" name="Test_003_toVerifyPriceofItemisDisplayedCorrectly" time="0.028"/>
  <testcase classname="com.Elsevier.Test.TestClass" name="Test_004_toVerifyAddtocartTitleisDisplayed" time="0.01"/>
  <testcase classname="com.Elsevier.Test.TestClass" name="Test_005_toVerifySearchItemHeadingisDisplayed" time="0.028"/>
  <testcase classname="com.Elsevier.Test.TestClass" name="Test_006_toVerifyAddtocartPriceItemisdisplayed" time="0.019"/>
  <testcase classname="com.Elsevier.Test.TestClass" name="Test_007_toAddtoCartandVerifytheProductPriceintheCart" time="0.571"/>
  <testcase classname="com.Elsevier.Test.TestClass" name="Test_008_toVerifytheProductAddedConfirmMessage" time="0.03"/>
  <testcase classname="com.Elsevier.Test.TestClass" name="Test_009_toVerifytheNoOfItemInTheCartMessage" time="0.029"/>
  <testcase classname="com.Elsevier.Test.TestClass" name="Test_010_toVerifytheShippingPriceintheCart" time="0.048"/>
  <testcase classname="com.Elsevier.Test.TestClass" name="Test_011_toVerifytheTotalPriceintheCart" time="0.028"/>
  <testcase classname="com.Elsevier.Test.TestClass" name="Test_012_toVerifytheSelectedItemIsAddedCart" time="0.949"/>
  <testcase classname="com.Elsevier.Test.TestClass" name="Test_013_toVerifyShoppingCartTitleisDisplayed" time="0.006"/>
  <testcase classname="com.Elsevier.Test.TestClass" name="Test_014_toVerifyShoppingCartHeadingisDisplayed" time="0.023"/>
  <testcase classname="com.Elsevier.Test.TestClass" name="Test_015_toVerifyShoppingCartContainsNumberOfItemisDisplayed" time="0.021"/>
  <testcase classname="com.Elsevier.Test.TestClass" name="Test_016_toVerifyShoppingCartContainsNumberOfItemisDisplayed" time="0.039"/>
  <testcase classname="com.Elsevier.Test.TestClass" name="Test_017_toVerifyShoppingCartTotalProductItemPrice" time="0.025"/>
  <testcase classname="com.Elsevier.Test.TestClass" name="Test_018_toVerifyShoppingCartTotalShippingPrice" time="0.026"/>
  <testcase classname="com.Elsevier.Test.TestClass" name="Test_019_toVerifyShoppingCartTotalPrice" time="0.041"/>
  <testcase classname="com.Elsevier.Test.TestClass" name="Test_020_toVerifyNavigateToSignInPageandTitleisDisplayed" time="1.436"/>
  <testcase classname="com.Elsevier.Test.TestClass" name="Test_021_toVerifySignInPageheadingisDisplayed" time="0.024"/>
  <testcase classname="com.Elsevier.Test.TestClass" name="Test_022_toVerifyCreateLoginheadingisDisplayed" time="0.027"/>
  <testcase classname="com.Elsevier.Test.TestClass" name="Test_023_toVerifyAlreadyRegisterPageheadingisDisplayed" time="0.025"/>
</testsuite> <!-- Default test -->
