<?xml version="1.0" encoding="UTF-8"?>
<!-- Generated by org.testng.reporters.JUnitXMLReporter -->
<testsuite ignored="0" hostname="PRANAV" failures="0" tests="23" name="Test" time="6.188" errors="0" timestamp="26 Oct 2020 00:34:39 GMT">
  <testcase classname="com.Elsevier.Test.TestClass" name="Test_001_toVerifyHomePageTitleisDisplayed" time="0.029"/>
  <testcase classname="com.Elsevier.Test.TestClass" name="Test_002_toVerifySearchSummerItemisDisplayedandItemisSelected" time="2.394"/>
  <testcase classname="com.Elsevier.Test.TestClass" name="Test_003_toVerifyPriceofItemisDisplayedCorrectly" time="0.03"/>
  <testcase classname="com.Elsevier.Test.TestClass" name="Test_004_toVerifyAddtocartTitleisDisplayed" time="0.007"/>
  <testcase classname="com.Elsevier.Test.TestClass" name="Test_005_toVerifySearchItemHeadingisDisplayed" time="0.031"/>
  <testcase classname="com.Elsevier.Test.TestClass" name="Test_006_toVerifyAddtocartPriceItemisdisplayed" time="0.024"/>
  <testcase classname="com.Elsevier.Test.TestClass" name="Test_007_toAddtoCartandVerifytheProductPriceintheCart" time="0.553"/>
  <testcase classname="com.Elsevier.Test.TestClass" name="Test_008_toVerifytheProductAddedConfirmMessage" time="0.025"/>
  <testcase classname="com.Elsevier.Test.TestClass" name="Test_009_toVerifytheNoOfItemInTheCartMessage" time="0.027"/>
  <testcase classname="com.Elsevier.Test.TestClass" name="Test_010_toVerifytheShippingPriceintheCart" time="0.043"/>
  <testcase classname="com.Elsevier.Test.TestClass" name="Test_011_toVerifytheTotalPriceintheCart" time="0.029"/>
  <testcase classname="com.Elsevier.Test.TestClass" name="Test_012_toVerifytheSelectedItemIsAddedCart" time="0.985"/>
  <testcase classname="com.Elsevier.Test.TestClass" name="Test_013_toVerifyShoppingCartTitleisDisplayed" time="0.006"/>
  <testcase classname="com.Elsevier.Test.TestClass" name="Test_014_toVerifyShoppingCartHeadingisDisplayed" time="0.027"/>
  <testcase classname="com.Elsevier.Test.TestClass" name="Test_015_toVerifyShoppingCartContainsNumberOfItemisDisplayed" time="0.022"/>
  <testcase classname="com.Elsevier.Test.TestClass" name="Test_016_toVerifyShoppingCartContainsNumberOfItemisDisplayed" time="0.043"/>
  <testcase classname="com.Elsevier.Test.TestClass" name="Test_017_toVerifyShoppingCartTotalProductItemPrice" time="0.028"/>
  <testcase classname="com.Elsevier.Test.TestClass" name="Test_018_toVerifyShoppingCartTotalShippingPrice" time="0.027"/>
  <testcase classname="com.Elsevier.Test.TestClass" name="Test_019_toVerifyShoppingCartTotalPrice" time="0.043"/>
  <testcase classname="com.Elsevier.Test.TestClass" name="Test_020_toVerifyNavigateToSignInPageandTitleisDisplayed" time="1.67"/>
  <testcase classname="com.Elsevier.Test.TestClass" name="Test_021_toVerifySignInPageheadingisDisplayed" time="0.024"/>
  <testcase classname="com.Elsevier.Test.TestClass" name="Test_022_toVerifyCreateLoginheadingisDisplayed" time="0.027"/>
  <testcase classname="com.Elsevier.Test.TestClass" name="Test_023_toVerifyAlreadyRegisterPageheadingisDisplayed" time="0.027"/>
</testsuite> <!-- Test -->
